[INFO 03:21:28]saferun_ptrace starting (mode: deny)
[INFO 03:21:28]PID 499 syscall #59 (execve)
[INFO 03:21:28]PID 499 syscall #12 (brk)
[INFO 03:21:28]PID 499 syscall #9 (mmap)
[INFO 03:21:28]PID 499 syscall #21 (access)
[INFO 03:21:28]PID 499 syscall #257 (openat)
[INFO 03:21:28]PID 499 syscall #5 (fstat)
[INFO 03:21:28]PID 499 syscall #9 (mmap)
[INFO 03:21:28]PID 499 syscall #3 (close)
[INFO 03:21:28]PID 499 syscall #257 (openat)
[INFO 03:21:28]PID 499 syscall #0 (read)
[INFO 03:21:28]PID 499 syscall #5 (fstat)
[INFO 03:21:28]PID 499 syscall #9 (mmap)
[INFO 03:21:28]PID 499 syscall #9 (mmap)
[INFO 03:21:28]PID 499 syscall #9 (mmap)
[INFO 03:21:28]PID 499 syscall #9 (mmap)
[INFO 03:21:28]PID 499 syscall #9 (mmap)
[INFO 03:21:28]PID 499 syscall #3 (close)
[INFO 03:21:28]PID 499 syscall #257 (openat)
[INFO 03:21:28]PID 499 syscall #0 (read)
[INFO 03:21:28]PID 499 syscall #17 (pread64)
[INFO 03:21:28]PID 499 syscall #5 (fstat)
[INFO 03:21:28]PID 499 syscall #17 (pread64)
[INFO 03:21:28]PID 499 syscall #9 (mmap)
[INFO 03:21:28]PID 499 syscall #9 (mmap)
[INFO 03:21:28]PID 499 syscall #9 (mmap)
[INFO 03:21:28]PID 499 syscall #9 (mmap)
[INFO 03:21:28]PID 499 syscall #9 (mmap)
[INFO 03:21:28]PID 499 syscall #3 (close)
[INFO 03:21:28]PID 499 syscall #257 (openat)
[INFO 03:21:28]PID 499 syscall #0 (read)
[INFO 03:21:28]PID 499 syscall #5 (fstat)
[INFO 03:21:28]PID 499 syscall #9 (mmap)
[INFO 03:21:28]PID 499 syscall #9 (mmap)
[INFO 03:21:28]PID 499 syscall #9 (mmap)
[INFO 03:21:28]PID 499 syscall #9 (mmap)
[INFO 03:21:28]PID 499 syscall #3 (close)
[INFO 03:21:28]PID 499 syscall #9 (mmap)
[INFO 03:21:28]PID 499 syscall #158 (arch_prctl)
[INFO 03:21:28]PID 499 syscall #218 (set_tid_address)
[INFO 03:21:28]PID 499 syscall #273 (set_robust_list)
[INFO 03:21:28]PID 499 syscall #334 (rseq)
[INFO 03:21:28]PID 499 syscall #10 (mprotect)
[INFO 03:21:28]PID 499 syscall #10 (mprotect)
[INFO 03:21:28]PID 499 syscall #10 (mprotect)
[INFO 03:21:28]PID 499 syscall #10 (mprotect)
[INFO 03:21:28]PID 499 syscall #10 (mprotect)
[INFO 03:21:28]PID 499 syscall #302 (prlimit64)
[INFO 03:21:28]PID 499 syscall #11 (munmap)
[INFO 03:21:28]PID 499 syscall #137 (statfs)
[INFO 03:21:28]PID 499 syscall #137 (statfs)
[INFO 03:21:28]PID 499 syscall #318 (getrandom)
[INFO 03:21:28]PID 499 syscall #12 (brk)
[INFO 03:21:28]PID 499 syscall #12 (brk)
[INFO 03:21:28]PID 499 syscall #257 (openat)
[INFO 03:21:28]PID 499 syscall #5 (fstat)
[INFO 03:21:28]PID 499 syscall #0 (read)
[INFO 03:21:28]PID 499 syscall #3 (close)
[INFO 03:21:28]PID 499 syscall #257 (openat)
[INFO 03:21:28]PID 499 syscall #5 (fstat)
[INFO 03:21:28]PID 499 syscall #0 (read)
[INFO 03:21:28]PID 499 syscall #0 (read)
[INFO 03:21:28]PID 499 syscall #0 (read)
[INFO 03:21:28]PID 499 syscall #0 (read)
[INFO 03:21:28]PID 499 syscall #3 (close)
[INFO 03:21:28]PID 499 syscall #21 (access)
[INFO 03:21:28]PID 499 syscall #257 (openat)
[INFO 03:21:28]PID 499 syscall #257 (openat)
[INFO 03:21:28]PID 499 syscall #5 (fstat)
[INFO 03:21:28]PID 499 syscall #0 (read)
[INFO 03:21:28]PID 499 syscall #0 (read)
[INFO 03:21:28]PID 499 syscall #3 (close)
[INFO 03:21:28]PID 499 syscall #257 (openat)
[INFO 03:21:28]PID 499 syscall #257 (openat)
[INFO 03:21:28]PID 499 syscall #5 (fstat)
[INFO 03:21:28]PID 499 syscall #9 (mmap)
[INFO 03:21:28]PID 499 syscall #3 (close)
[INFO 03:21:28]PID 499 syscall #257 (openat)
[INFO 03:21:28]PID 499 syscall #5 (fstat)
[INFO 03:21:28]PID 499 syscall #9 (mmap)
[INFO 03:21:28]PID 499 syscall #3 (close)
[INFO 03:21:28]PID 499 syscall #202 (futex)
[INFO 03:21:28]PID 499 syscall #257 (openat)
[INFO 03:21:28]PID 499 syscall #257 (openat)
[INFO 03:21:28]PID 499 syscall #5 (fstat)
[INFO 03:21:28]PID 499 syscall #9 (mmap)
[INFO 03:21:28]PID 499 syscall #3 (close)
[INFO 03:21:28]PID 499 syscall #257 (openat)
[INFO 03:21:28]PID 499 syscall #257 (openat)
[INFO 03:21:28]PID 499 syscall #5 (fstat)
[INFO 03:21:28]PID 499 syscall #9 (mmap)
[INFO 03:21:28]PID 499 syscall #3 (close)
[INFO 03:21:28]PID 499 syscall #257 (openat)
[INFO 03:21:28]PID 499 syscall #257 (openat)
[INFO 03:21:28]PID 499 syscall #5 (fstat)
[INFO 03:21:28]PID 499 syscall #9 (mmap)
[INFO 03:21:28]PID 499 syscall #3 (close)
[INFO 03:21:28]PID 499 syscall #257 (openat)
[INFO 03:21:28]PID 499 syscall #257 (openat)
[INFO 03:21:28]PID 499 syscall #5 (fstat)
[INFO 03:21:28]PID 499 syscall #9 (mmap)
[INFO 03:21:28]PID 499 syscall #3 (close)
[INFO 03:21:28]PID 499 syscall #257 (openat)
[INFO 03:21:28]PID 499 syscall #257 (openat)
[INFO 03:21:28]PID 499 syscall #5 (fstat)
[INFO 03:21:28]PID 499 syscall #9 (mmap)
[INFO 03:21:28]PID 499 syscall #3 (close)
[INFO 03:21:28]PID 499 syscall #257 (openat)
[INFO 03:21:28]PID 499 syscall #257 (openat)
[INFO 03:21:28]PID 499 syscall #5 (fstat)
[INFO 03:21:28]PID 499 syscall #3 (close)
[INFO 03:21:28]PID 499 syscall #257 (openat)
[INFO 03:21:28]PID 499 syscall #5 (fstat)
[INFO 03:21:28]PID 499 syscall #9 (mmap)
[INFO 03:21:28]PID 499 syscall #3 (close)
[INFO 03:21:28]PID 499 syscall #257 (openat)
[INFO 03:21:28]PID 499 syscall #257 (openat)
[INFO 03:21:28]PID 499 syscall #5 (fstat)
[INFO 03:21:28]PID 499 syscall #9 (mmap)
[INFO 03:21:28]PID 499 syscall #3 (close)
[INFO 03:21:28]PID 499 syscall #257 (openat)
[INFO 03:21:28]PID 499 syscall #257 (openat)
[INFO 03:21:28]PID 499 syscall #5 (fstat)
[INFO 03:21:28]PID 499 syscall #9 (mmap)
[INFO 03:21:28]PID 499 syscall #3 (close)
[INFO 03:21:28]PID 499 syscall #257 (openat)
[INFO 03:21:28]PID 499 syscall #257 (openat)
[INFO 03:21:28]PID 499 syscall #5 (fstat)
[INFO 03:21:28]PID 499 syscall #9 (mmap)
[INFO 03:21:28]PID 499 syscall #3 (close)
[INFO 03:21:28]PID 499 syscall #257 (openat)
[INFO 03:21:28]PID 499 syscall #257 (openat)
[INFO 03:21:28]PID 499 syscall #5 (fstat)
[INFO 03:21:28]PID 499 syscall #9 (mmap)
[INFO 03:21:28]PID 499 syscall #3 (close)
[INFO 03:21:28]PID 499 syscall #257 (openat)
[INFO 03:21:28]PID 499 syscall #257 (openat)
[INFO 03:21:28]PID 499 syscall #5 (fstat)
[INFO 03:21:28]PID 499 syscall #9 (mmap)
[INFO 03:21:28]PID 499 syscall #3 (close)
[INFO 03:21:28]PID 499 syscall #16 (ioctl)
[INFO 03:21:28]PID 499 syscall #257 (openat)
[INFO 03:21:28]PID 499 syscall #5 (fstat)
[INFO 03:21:28]PID 499 syscall #217 (getdents64)
[INFO 03:21:28]PID 499 syscall #217 (getdents64)
[INFO 03:21:28]PID 499 syscall #3 (close)
[INFO 03:21:28]PID 499 syscall #5 (fstat)
[INFO 03:21:28]PID 499 syscall #1 (write)
[INFO 03:21:28]PID 499 syscall #3 (close)
[INFO 03:21:28]PID 499 syscall #3 (close)
[INFO 03:21:28]PID 499 syscall #231 (exit_group)
[INFO 03:21:28]Child exited with code 0
[INFO 03:21:36]saferun_ptrace starting (mode: deny)
[INFO 03:21:36]PID 512 syscall #59 (execve)
[INFO 03:21:36]PID 512 syscall #12 (brk)
[INFO 03:21:37]PID 512 syscall #12 (brk)
[INFO 03:21:37]PID 512 syscall #158 (arch_prctl)
[INFO 03:21:37]PID 512 syscall #218 (set_tid_address)
[INFO 03:21:37]PID 512 syscall #273 (set_robust_list)
[INFO 03:21:37]PID 512 syscall #334 (rseq)
[INFO 03:21:37]PID 512 syscall #302 (prlimit64)
[INFO 03:21:37]PID 512 syscall #267 (readlinkat)
[INFO 03:21:37]PID 512 syscall #318 (getrandom)
[INFO 03:21:37]PID 512 syscall #12 (brk)
[INFO 03:21:37]PID 512 syscall #12 (brk)
[INFO 03:21:37]PID 512 syscall #12 (brk)
[INFO 03:21:37]PID 512 syscall #10 (mprotect)
[INFO 03:21:37]PID 512 syscall #5 (fstat)
[INFO 03:21:37]PID 512 syscall #39 (getpid)
[INFO 03:21:37]PID 512 syscall #257 (openat)
[INFO 03:21:37]PID 512 syscall #32 (dup)
[INFO 03:21:37]PID 512 syscall #72 (fcntl)
[INFO 03:21:37]PID 512 syscall #3 (close)
[INFO 03:21:37]PID 512 syscall #1 (write)
[INFO 03:21:37]PID 512 syscall #1 (write)
[INFO 03:21:37]PID 512 syscall #0 (read)
[INFO 03:21:37]PID 512 syscall #9 (mmap)
[INFO 03:21:37]PID 512 syscall #11 (munmap)
[INFO 03:21:37]PID 512 syscall #41 (socket)
[INFO 03:21:37]PID 512 syscall #3 (close)
[INFO 03:21:37]PID 512 syscall #39 (getpid)
[INFO 03:21:37]PID 512 syscall #62 (kill)
[INFO 03:21:37]PID 512 syscall #110 (getppid)
[INFO 03:21:37]PID 512 syscall #102 (getuid)
[INFO 03:21:37]PID 512 syscall #104 (getgid)
[INFO 03:21:37]PID 512 syscall #293 (pipe2)
[INFO 03:21:37]PID 512 syscall #3 (close)
[INFO 03:21:37]PID 512 syscall #3 (close)
[INFO 03:21:37]PID 512 syscall #32 (dup)
[INFO 03:21:37]PID 512 syscall #3 (close)
[INFO 03:21:37]PID 512 syscall #72 (fcntl)
[INFO 03:21:37]PID 512 syscall #257 (openat)
[INFO 03:21:37]PID 512 syscall #8 (lseek)
[INFO 03:21:37]PID 512 syscall #3 (close)
[INFO 03:21:37]PID 512 syscall #21 (access)
[INFO 03:21:37]PID 512 syscall #89 (readlink)
[INFO 03:21:37]PID 512 syscall #63 (uname)
[INFO 03:21:37]PID 512 syscall #302 (prlimit64)
[INFO 03:21:37]PID 512 syscall #230 (clock_nanosleep)
[INFO 03:21:37]PID 512 syscall #56 (clone)
[ERROR 03:21:37]Policy block syscall #56 (clone) - killing child 512
[INFO 03:21:37]PID 512 syscall #61 (wait4)
[INFO 03:21:37]Child exited with code 0
[INFO 03:21:58]saferun_ptrace starting (mode: deny)
[INFO 03:21:58]PID 385 syscall #59 (execve)
[INFO 03:21:58]PID 385 syscall #12 (brk)
[INFO 03:21:58]PID 385 syscall #12 (brk)
[INFO 03:21:58]PID 385 syscall #158 (arch_prctl)
[INFO 03:21:58]PID 385 syscall #218 (set_tid_address)
[INFO 03:21:58]PID 385 syscall #273 (set_robust_list)
[INFO 03:21:58]PID 385 syscall #334 (rseq)
[INFO 03:21:58]PID 385 syscall #302 (prlimit64)
[INFO 03:21:58]PID 385 syscall #267 (readlinkat)
[INFO 03:21:58]PID 385 syscall #318 (getrandom)
[INFO 03:21:58]PID 385 syscall #12 (brk)
[INFO 03:21:58]PID 385 syscall #12 (brk)
[INFO 03:21:58]PID 385 syscall #12 (brk)
[INFO 03:21:58]PID 385 syscall #10 (mprotect)
[INFO 03:21:58]PID 385 syscall #5 (fstat)
[INFO 03:21:58]PID 385 syscall #39 (getpid)
[INFO 03:21:58]PID 385 syscall #257 (openat)
[INFO 03:21:58]PID 385 syscall #32 (dup)
[INFO 03:21:58]PID 385 syscall #72 (fcntl)
[INFO 03:21:58]PID 385 syscall #3 (close)
[INFO 03:21:58]PID 385 syscall #1 (write)
[INFO 03:21:58]PID 385 syscall #1 (write)
[INFO 03:21:58]PID 385 syscall #0 (read)
[INFO 03:21:58]PID 385 syscall #9 (mmap)
[INFO 03:21:58]PID 385 syscall #11 (munmap)
[INFO 03:21:58]PID 385 syscall #41 (socket)
[INFO 03:21:58]PID 385 syscall #3 (close)
[INFO 03:21:58]PID 385 syscall #39 (getpid)
[INFO 03:21:58]PID 385 syscall #62 (kill)
[INFO 03:21:58]PID 385 syscall #110 (getppid)
[INFO 03:21:58]PID 385 syscall #102 (getuid)
[INFO 03:21:58]PID 385 syscall #104 (getgid)
[INFO 03:21:58]PID 385 syscall #293 (pipe2)
[INFO 03:21:58]PID 385 syscall #3 (close)
[INFO 03:21:58]PID 385 syscall #3 (close)
[INFO 03:21:58]PID 385 syscall #32 (dup)
[INFO 03:21:58]PID 385 syscall #3 (close)
[INFO 03:21:58]PID 385 syscall #72 (fcntl)
[INFO 03:21:58]PID 385 syscall #257 (openat)
[INFO 03:21:58]PID 385 syscall #8 (lseek)
[INFO 03:21:58]PID 385 syscall #3 (close)
[INFO 03:21:58]PID 385 syscall #21 (access)
[INFO 03:21:58]PID 385 syscall #89 (readlink)
[INFO 03:21:58]PID 385 syscall #63 (uname)
[INFO 03:21:58]PID 385 syscall #302 (prlimit64)
[INFO 03:21:58]PID 385 syscall #230 (clock_nanosleep)
[INFO 03:21:58]PID 385 syscall #56 (clone)
[ERROR 03:21:58]Policy block syscall #56 (clone) - killing child 385
[INFO 03:21:58]PID 385 syscall #61 (wait4)
[INFO 03:21:58]Child exited with code 0
[INFO 03:22:08]saferun_ptrace starting (mode: deny)
[INFO 03:22:08]PID 396 syscall #59 (execve)
[INFO 03:22:08]PID 396 syscall #59 (execve)
[INFO 03:22:08]PID 396 syscall #59 (execve)
[INFO 03:22:08]PID 396 syscall #59 (execve)
[INFO 03:22:08]PID 396 syscall #59 (execve)
[INFO 03:22:08]PID 396 syscall #59 (execve)
[INFO 03:22:08]PID 396 syscall #59 (execve)
[INFO 03:22:08]PID 396 syscall #59 (execve)
[INFO 03:22:08]PID 396 syscall #59 (execve)
[INFO 03:22:08]PID 396 syscall #59 (execve)
[INFO 03:22:08]PID 396 syscall #59 (execve)
[INFO 03:22:08]PID 396 syscall #59 (execve)
[INFO 03:22:08]PID 396 syscall #59 (execve)
[INFO 03:22:08]PID 396 syscall #59 (execve)
[INFO 03:22:08]PID 396 syscall #59 (execve)
[INFO 03:22:08]PID 396 syscall #59 (execve)
[INFO 03:22:08]PID 396 syscall #59 (execve)
[INFO 03:22:08]PID 396 syscall #59 (execve)
[INFO 03:22:08]PID 396 syscall #59 (execve)
[INFO 03:22:08]PID 396 syscall #59 (execve)
[INFO 03:22:08]PID 396 syscall #59 (execve)
[INFO 03:22:08]PID 396 syscall #32 (dup)
[INFO 03:22:08]PID 396 syscall #72 (fcntl)
[INFO 03:22:08]PID 396 syscall #3 (close)
[INFO 03:22:08]PID 396 syscall #1 (write)
[INFO 03:22:08]PID 396 syscall #231 (exit_group)
[INFO 03:22:08]Child exited with code 127
[INFO 03:22:23]saferun_ptrace starting (mode: deny)
[INFO 03:22:23]PID 408 syscall #59 (execve)
[INFO 03:22:23]PID 408 syscall #12 (brk)
[INFO 03:22:23]PID 408 syscall #12 (brk)
[INFO 03:22:23]PID 408 syscall #158 (arch_prctl)
[INFO 03:22:23]PID 408 syscall #218 (set_tid_address)
[INFO 03:22:23]PID 408 syscall #273 (set_robust_list)
[INFO 03:22:23]PID 408 syscall #334 (rseq)
[INFO 03:22:23]PID 408 syscall #302 (prlimit64)
[INFO 03:22:23]PID 408 syscall #267 (readlinkat)
[INFO 03:22:23]PID 408 syscall #318 (getrandom)
[INFO 03:22:23]PID 408 syscall #12 (brk)
[INFO 03:22:23]PID 408 syscall #12 (brk)
[INFO 03:22:23]PID 408 syscall #12 (brk)
[INFO 03:22:23]PID 408 syscall #10 (mprotect)
[INFO 03:22:23]PID 408 syscall #5 (fstat)
[INFO 03:22:23]PID 408 syscall #39 (getpid)
[INFO 03:22:23]PID 408 syscall #257 (openat)
[INFO 03:22:23]PID 408 syscall #32 (dup)
[INFO 03:22:23]PID 408 syscall #72 (fcntl)
[INFO 03:22:23]PID 408 syscall #3 (close)
[INFO 03:22:23]PID 408 syscall #1 (write)
[INFO 03:22:23]PID 408 syscall #1 (write)
[INFO 03:22:23]PID 408 syscall #0 (read)
[INFO 03:22:23]PID 408 syscall #9 (mmap)
[INFO 03:22:23]PID 408 syscall #11 (munmap)
[INFO 03:22:23]PID 408 syscall #41 (socket)
[INFO 03:22:23]PID 408 syscall #3 (close)
[INFO 03:22:23]PID 408 syscall #39 (getpid)
[INFO 03:22:23]PID 408 syscall #62 (kill)
[INFO 03:22:23]PID 408 syscall #110 (getppid)
[INFO 03:22:23]PID 408 syscall #102 (getuid)
[INFO 03:22:23]PID 408 syscall #104 (getgid)
[INFO 03:22:23]PID 408 syscall #293 (pipe2)
[INFO 03:22:23]PID 408 syscall #3 (close)
[INFO 03:22:23]PID 408 syscall #3 (close)
[INFO 03:22:23]PID 408 syscall #32 (dup)
[INFO 03:22:23]PID 408 syscall #3 (close)
[INFO 03:22:23]PID 408 syscall #72 (fcntl)
[INFO 03:22:23]PID 408 syscall #257 (openat)
[INFO 03:22:23]PID 408 syscall #8 (lseek)
[INFO 03:22:23]PID 408 syscall #3 (close)
[INFO 03:22:23]PID 408 syscall #21 (access)
[INFO 03:22:23]PID 408 syscall #89 (readlink)
[INFO 03:22:23]PID 408 syscall #63 (uname)
[INFO 03:22:23]PID 408 syscall #302 (prlimit64)
[INFO 03:22:23]PID 408 syscall #230 (clock_nanosleep)
[INFO 03:22:23]PID 408 syscall #56 (clone)
[INFO 03:22:23]PID 408 syscall #61 (wait4)
[INFO 03:22:23]Child exited with code 0
[INFO 03:22:33]saferun_ptrace starting (mode: deny)
[INFO 03:22:33]PID 420 syscall #59 (execve)
[INFO 03:22:33]PID 420 syscall #59 (execve)
[INFO 03:22:33]PID 420 syscall #59 (execve)
[INFO 03:22:33]PID 420 syscall #59 (execve)
[INFO 03:22:33]PID 420 syscall #59 (execve)
[INFO 03:22:33]PID 420 syscall #59 (execve)
[INFO 03:22:33]PID 420 syscall #59 (execve)
[INFO 03:22:33]PID 420 syscall #59 (execve)
[INFO 03:22:33]PID 420 syscall #59 (execve)
[INFO 03:22:33]PID 420 syscall #59 (execve)
[INFO 03:22:33]PID 420 syscall #59 (execve)
[INFO 03:22:33]PID 420 syscall #59 (execve)
[INFO 03:22:33]PID 420 syscall #59 (execve)
[INFO 03:22:33]PID 420 syscall #59 (execve)
[INFO 03:22:33]PID 420 syscall #59 (execve)
[INFO 03:22:33]PID 420 syscall #59 (execve)
[INFO 03:22:33]PID 420 syscall #59 (execve)
[INFO 03:22:33]PID 420 syscall #59 (execve)
[INFO 03:22:33]PID 420 syscall #59 (execve)
[INFO 03:22:33]PID 420 syscall #59 (execve)
[INFO 03:22:33]PID 420 syscall #59 (execve)
[INFO 03:22:33]PID 420 syscall #32 (dup)
[INFO 03:22:33]PID 420 syscall #72 (fcntl)
[INFO 03:22:33]PID 420 syscall #3 (close)
[INFO 03:22:33]PID 420 syscall #1 (write)
[INFO 03:22:33]PID 420 syscall #231 (exit_group)
[INFO 03:22:33]Child exited with code 127
[INFO 03:22:45]saferun_ptrace starting (mode: deny)
[INFO 03:22:45]PID 431 syscall #59 (execve)
[INFO 03:22:45]PID 431 syscall #12 (brk)
[INFO 03:22:45]PID 431 syscall #12 (brk)
[INFO 03:22:45]PID 431 syscall #158 (arch_prctl)
[INFO 03:22:45]PID 431 syscall #218 (set_tid_address)
[INFO 03:22:45]PID 431 syscall #273 (set_robust_list)
[INFO 03:22:45]PID 431 syscall #334 (rseq)
[INFO 03:22:45]PID 431 syscall #302 (prlimit64)
[INFO 03:22:45]PID 431 syscall #267 (readlinkat)
[INFO 03:22:45]PID 431 syscall #318 (getrandom)
[INFO 03:22:45]PID 431 syscall #12 (brk)
[INFO 03:22:45]PID 431 syscall #12 (brk)
[INFO 03:22:45]PID 431 syscall #12 (brk)
[INFO 03:22:45]PID 431 syscall #10 (mprotect)
[INFO 03:22:45]PID 431 syscall #5 (fstat)
[INFO 03:22:45]PID 431 syscall #39 (getpid)
[INFO 03:22:45]PID 431 syscall #257 (openat)
[INFO 03:22:45]PID 431 syscall #32 (dup)
[INFO 03:22:45]PID 431 syscall #72 (fcntl)
[INFO 03:22:45]PID 431 syscall #3 (close)
[INFO 03:22:45]PID 431 syscall #1 (write)
[INFO 03:22:45]PID 431 syscall #1 (write)
[INFO 03:22:45]PID 431 syscall #0 (read)
[INFO 03:22:45]PID 431 syscall #9 (mmap)
[INFO 03:22:45]PID 431 syscall #11 (munmap)
[INFO 03:22:45]PID 431 syscall #41 (socket)
[INFO 03:22:45]PID 431 syscall #3 (close)
[INFO 03:22:45]PID 431 syscall #39 (getpid)
[INFO 03:22:45]PID 431 syscall #62 (kill)
[INFO 03:22:45]PID 431 syscall #110 (getppid)
[INFO 03:22:45]PID 431 syscall #102 (getuid)
[INFO 03:22:45]PID 431 syscall #104 (getgid)
[INFO 03:22:45]PID 431 syscall #293 (pipe2)
[INFO 03:22:45]PID 431 syscall #3 (close)
[INFO 03:22:45]PID 431 syscall #3 (close)
[INFO 03:22:45]PID 431 syscall #32 (dup)
[INFO 03:22:45]PID 431 syscall #3 (close)
[INFO 03:22:45]PID 431 syscall #72 (fcntl)
[INFO 03:22:45]PID 431 syscall #257 (openat)
[INFO 03:22:45]PID 431 syscall #8 (lseek)
[INFO 03:22:45]PID 431 syscall #3 (close)
[INFO 03:22:45]PID 431 syscall #21 (access)
[INFO 03:22:45]PID 431 syscall #89 (readlink)
[INFO 03:22:45]PID 431 syscall #63 (uname)
[INFO 03:22:45]PID 431 syscall #302 (prlimit64)
[INFO 03:22:45]PID 431 syscall #230 (clock_nanosleep)
[INFO 03:22:45]PID 431 syscall #56 (clone)
[INFO 03:22:45]PID 431 syscall #61 (wait4)
[INFO 03:22:45]Child exited with code 0
[INFO 03:22:49]saferun_ptrace starting (mode: deny)
[INFO 03:22:49]PID 440 syscall #59 (execve)
[INFO 03:22:49]PID 440 syscall #12 (brk)
[INFO 03:22:49]PID 440 syscall #12 (brk)
[INFO 03:22:49]PID 440 syscall #158 (arch_prctl)
[INFO 03:22:49]PID 440 syscall #218 (set_tid_address)
[INFO 03:22:49]PID 440 syscall #273 (set_robust_list)
[INFO 03:22:49]PID 440 syscall #334 (rseq)
[INFO 03:22:49]PID 440 syscall #302 (prlimit64)
[INFO 03:22:49]PID 440 syscall #267 (readlinkat)
[INFO 03:22:49]PID 440 syscall #318 (getrandom)
[INFO 03:22:49]PID 440 syscall #12 (brk)
[INFO 03:22:49]PID 440 syscall #12 (brk)
[INFO 03:22:49]PID 440 syscall #12 (brk)
[INFO 03:22:49]PID 440 syscall #10 (mprotect)
[INFO 03:22:49]PID 440 syscall #5 (fstat)
[INFO 03:22:49]PID 440 syscall #39 (getpid)
[INFO 03:22:49]PID 440 syscall #257 (openat)
[INFO 03:22:49]PID 440 syscall #32 (dup)
[INFO 03:22:49]PID 440 syscall #72 (fcntl)
[INFO 03:22:49]PID 440 syscall #3 (close)
[INFO 03:22:49]PID 440 syscall #1 (write)
[INFO 03:22:49]PID 440 syscall #1 (write)
[INFO 03:22:49]PID 440 syscall #0 (read)
[INFO 03:22:49]PID 440 syscall #9 (mmap)
[INFO 03:22:49]PID 440 syscall #11 (munmap)
[INFO 03:22:49]PID 440 syscall #41 (socket)
[INFO 03:22:49]PID 440 syscall #3 (close)
[INFO 03:22:49]PID 440 syscall #39 (getpid)
[INFO 03:22:49]PID 440 syscall #62 (kill)
[INFO 03:22:49]PID 440 syscall #110 (getppid)
[INFO 03:22:49]PID 440 syscall #102 (getuid)
[INFO 03:22:49]PID 440 syscall #104 (getgid)
[INFO 03:22:49]PID 440 syscall #293 (pipe2)
[INFO 03:22:49]PID 440 syscall #3 (close)
[INFO 03:22:49]PID 440 syscall #3 (close)
[INFO 03:22:49]PID 440 syscall #32 (dup)
[INFO 03:22:49]PID 440 syscall #3 (close)
[INFO 03:22:49]PID 440 syscall #72 (fcntl)
[INFO 03:22:49]PID 440 syscall #257 (openat)
[INFO 03:22:49]PID 440 syscall #8 (lseek)
[INFO 03:22:49]PID 440 syscall #3 (close)
[INFO 03:22:49]PID 440 syscall #21 (access)
[INFO 03:22:49]PID 440 syscall #89 (readlink)
[INFO 03:22:49]PID 440 syscall #63 (uname)
[INFO 03:22:49]PID 440 syscall #302 (prlimit64)
[INFO 03:22:49]PID 440 syscall #230 (clock_nanosleep)
[INFO 03:22:49]PID 440 syscall #56 (clone)
[INFO 03:22:49]PID 440 syscall #61 (wait4)
[INFO 03:22:49]Child exited with code 0
[INFO 03:22:57]saferun_ptrace starting (mode: deny)
[INFO 03:22:57]PID 453 syscall #59 (execve)
[INFO 03:22:57]PID 453 syscall #12 (brk)
[INFO 03:22:57]PID 453 syscall #12 (brk)
[INFO 03:22:57]PID 453 syscall #158 (arch_prctl)
[INFO 03:22:57]PID 453 syscall #218 (set_tid_address)
[INFO 03:22:57]PID 453 syscall #273 (set_robust_list)
[INFO 03:22:57]PID 453 syscall #334 (rseq)
[INFO 03:22:57]PID 453 syscall #302 (prlimit64)
[INFO 03:22:57]PID 453 syscall #267 (readlinkat)
[INFO 03:22:57]PID 453 syscall #318 (getrandom)
[INFO 03:22:57]PID 453 syscall #12 (brk)
[INFO 03:22:57]PID 453 syscall #12 (brk)
[INFO 03:22:57]PID 453 syscall #12 (brk)
[INFO 03:22:57]PID 453 syscall #10 (mprotect)
[INFO 03:22:57]PID 453 syscall #5 (fstat)
[INFO 03:22:57]PID 453 syscall #39 (getpid)
[INFO 03:22:57]PID 453 syscall #257 (openat)
[INFO 03:22:57]PID 453 syscall #32 (dup)
[INFO 03:22:57]PID 453 syscall #72 (fcntl)
[INFO 03:22:57]PID 453 syscall #3 (close)
[INFO 03:22:57]PID 453 syscall #1 (write)
[INFO 03:22:57]PID 453 syscall #1 (write)
[INFO 03:22:57]PID 453 syscall #0 (read)
[INFO 03:22:57]PID 453 syscall #9 (mmap)
[INFO 03:22:57]PID 453 syscall #11 (munmap)
[INFO 03:22:57]PID 453 syscall #41 (socket)
[INFO 03:22:57]PID 453 syscall #3 (close)
[INFO 03:22:57]PID 453 syscall #39 (getpid)
[INFO 03:22:57]PID 453 syscall #62 (kill)
[INFO 03:22:57]PID 453 syscall #110 (getppid)
[INFO 03:22:57]PID 453 syscall #102 (getuid)
[INFO 03:22:57]PID 453 syscall #104 (getgid)
[INFO 03:22:57]PID 453 syscall #293 (pipe2)
[INFO 03:22:57]PID 453 syscall #3 (close)
[INFO 03:22:57]PID 453 syscall #3 (close)
[INFO 03:22:57]PID 453 syscall #32 (dup)
[INFO 03:22:57]PID 453 syscall #3 (close)
[INFO 03:22:57]PID 453 syscall #72 (fcntl)
[INFO 03:22:57]PID 453 syscall #257 (openat)
[INFO 03:22:57]PID 453 syscall #8 (lseek)
[INFO 03:22:57]PID 453 syscall #3 (close)
[INFO 03:22:57]PID 453 syscall #21 (access)
[INFO 03:22:57]PID 453 syscall #89 (readlink)
[INFO 03:22:57]PID 453 syscall #63 (uname)
[INFO 03:22:57]PID 453 syscall #302 (prlimit64)
[INFO 03:22:57]PID 453 syscall #230 (clock_nanosleep)
[INFO 03:22:57]PID 453 syscall #56 (clone)
[INFO 03:22:57]PID 453 syscall #61 (wait4)
[INFO 03:22:57]Child exited with code 0
[INFO 03:23:00]saferun_ptrace starting (mode: deny)
[INFO 03:23:00]PID 460 syscall #59 (execve)
[INFO 03:23:00]PID 460 syscall #12 (brk)
[INFO 03:23:00]PID 460 syscall #9 (mmap)
[INFO 03:23:00]PID 460 syscall #21 (access)
[INFO 03:23:00]PID 460 syscall #257 (openat)
[INFO 03:23:00]PID 460 syscall #5 (fstat)
[INFO 03:23:00]PID 460 syscall #9 (mmap)
[INFO 03:23:00]PID 460 syscall #3 (close)
[INFO 03:23:00]PID 460 syscall #257 (openat)
[INFO 03:23:00]PID 460 syscall #0 (read)
[INFO 03:23:00]PID 460 syscall #17 (pread64)
[INFO 03:23:00]PID 460 syscall #5 (fstat)
[INFO 03:23:00]PID 460 syscall #17 (pread64)
[INFO 03:23:00]PID 460 syscall #9 (mmap)
[INFO 03:23:00]PID 460 syscall #9 (mmap)
[INFO 03:23:00]PID 460 syscall #9 (mmap)
[INFO 03:23:00]PID 460 syscall #9 (mmap)
[INFO 03:23:00]PID 460 syscall #9 (mmap)
[INFO 03:23:00]PID 460 syscall #3 (close)
[INFO 03:23:00]PID 460 syscall #9 (mmap)
[INFO 03:23:00]PID 460 syscall #158 (arch_prctl)
[INFO 03:23:00]PID 460 syscall #218 (set_tid_address)
[INFO 03:23:00]PID 460 syscall #273 (set_robust_list)
[INFO 03:23:00]PID 460 syscall #334 (rseq)
[INFO 03:23:00]PID 460 syscall #10 (mprotect)
[INFO 03:23:00]PID 460 syscall #10 (mprotect)
[INFO 03:23:00]PID 460 syscall #10 (mprotect)
[INFO 03:23:00]PID 460 syscall #302 (prlimit64)
[INFO 03:23:00]PID 460 syscall #11 (munmap)
[INFO 03:23:00]PID 460 syscall #318 (getrandom)
[INFO 03:23:00]PID 460 syscall #12 (brk)
[INFO 03:23:00]PID 460 syscall #12 (brk)
[INFO 03:23:00]PID 460 syscall #257 (openat)
[INFO 03:23:00]PID 460 syscall #257 (openat)
[INFO 03:23:00]PID 460 syscall #5 (fstat)
[INFO 03:23:00]PID 460 syscall #0 (read)
[INFO 03:23:00]PID 460 syscall #0 (read)
[INFO 03:23:00]PID 460 syscall #3 (close)
[INFO 03:23:00]PID 460 syscall #257 (openat)
[INFO 03:23:00]PID 460 syscall #257 (openat)
[INFO 03:23:00]PID 460 syscall #5 (fstat)
[INFO 03:23:00]PID 460 syscall #9 (mmap)
[INFO 03:23:00]PID 460 syscall #3 (close)
[INFO 03:23:00]PID 460 syscall #257 (openat)
[INFO 03:23:00]PID 460 syscall #5 (fstat)
[INFO 03:23:00]PID 460 syscall #9 (mmap)
[INFO 03:23:00]PID 460 syscall #3 (close)
[INFO 03:23:00]PID 460 syscall #202 (futex)
[INFO 03:23:00]PID 460 syscall #257 (openat)
[INFO 03:23:00]PID 460 syscall #257 (openat)
[INFO 03:23:00]PID 460 syscall #5 (fstat)
[INFO 03:23:00]PID 460 syscall #9 (mmap)
[INFO 03:23:00]PID 460 syscall #3 (close)
[INFO 03:23:00]PID 460 syscall #257 (openat)
[INFO 03:23:00]PID 460 syscall #257 (openat)
[INFO 03:23:00]PID 460 syscall #5 (fstat)
[INFO 03:23:00]PID 460 syscall #9 (mmap)
[INFO 03:23:00]PID 460 syscall #3 (close)
[INFO 03:23:00]PID 460 syscall #257 (openat)
[INFO 03:23:00]PID 460 syscall #257 (openat)
[INFO 03:23:00]PID 460 syscall #5 (fstat)
[INFO 03:23:00]PID 460 syscall #9 (mmap)
[INFO 03:23:00]PID 460 syscall #3 (close)
[INFO 03:23:00]PID 460 syscall #257 (openat)
[INFO 03:23:00]PID 460 syscall #257 (openat)
[INFO 03:23:00]PID 460 syscall #5 (fstat)
[INFO 03:23:00]PID 460 syscall #9 (mmap)
[INFO 03:23:00]PID 460 syscall #3 (close)
[INFO 03:23:00]PID 460 syscall #257 (openat)
[INFO 03:23:00]PID 460 syscall #257 (openat)
[INFO 03:23:00]PID 460 syscall #5 (fstat)
[INFO 03:23:00]PID 460 syscall #9 (mmap)
[INFO 03:23:00]PID 460 syscall #3 (close)
[INFO 03:23:00]PID 460 syscall #257 (openat)
[INFO 03:23:00]PID 460 syscall #257 (openat)
[INFO 03:23:00]PID 460 syscall #5 (fstat)
[INFO 03:23:00]PID 460 syscall #3 (close)
[INFO 03:23:00]PID 460 syscall #257 (openat)
[INFO 03:23:00]PID 460 syscall #5 (fstat)
[INFO 03:23:00]PID 460 syscall #9 (mmap)
[INFO 03:23:00]PID 460 syscall #3 (close)
[INFO 03:23:00]PID 460 syscall #257 (openat)
[INFO 03:23:00]PID 460 syscall #257 (openat)
[INFO 03:23:00]PID 460 syscall #5 (fstat)
[INFO 03:23:00]PID 460 syscall #9 (mmap)
[INFO 03:23:00]PID 460 syscall #3 (close)
[INFO 03:23:00]PID 460 syscall #257 (openat)
[INFO 03:23:00]PID 460 syscall #257 (openat)
[INFO 03:23:00]PID 460 syscall #5 (fstat)
[INFO 03:23:00]PID 460 syscall #9 (mmap)
[INFO 03:23:00]PID 460 syscall #3 (close)
[INFO 03:23:00]PID 460 syscall #257 (openat)
[INFO 03:23:00]PID 460 syscall #257 (openat)
[INFO 03:23:00]PID 460 syscall #5 (fstat)
[INFO 03:23:00]PID 460 syscall #9 (mmap)
[INFO 03:23:00]PID 460 syscall #3 (close)
[INFO 03:23:00]PID 460 syscall #257 (openat)
[INFO 03:23:00]PID 460 syscall #257 (openat)
[INFO 03:23:00]PID 460 syscall #5 (fstat)
[INFO 03:23:00]PID 460 syscall #9 (mmap)
[INFO 03:23:00]PID 460 syscall #3 (close)
[INFO 03:23:00]PID 460 syscall #257 (openat)
[INFO 03:23:00]PID 460 syscall #257 (openat)
[INFO 03:23:00]PID 460 syscall #5 (fstat)
[INFO 03:23:00]PID 460 syscall #9 (mmap)
[INFO 03:23:00]PID 460 syscall #3 (close)
[INFO 03:23:00]PID 460 syscall #5 (fstat)
[INFO 03:23:00]PID 460 syscall #1 (write)
[INFO 03:23:00]PID 460 syscall #3 (close)
[INFO 03:23:00]PID 460 syscall #3 (close)
[INFO 03:23:00]PID 460 syscall #231 (exit_group)
[INFO 03:23:00]Child exited with code 0
[INFO 03:23:35]saferun_ptrace starting (mode: deny)
[INFO 03:23:35]PID 401 syscall #59 (execve)
[INFO 03:23:35]PID 401 syscall #12 (brk)
[INFO 03:23:35]PID 401 syscall #9 (mmap)
[INFO 03:23:35]PID 401 syscall #21 (access)
[INFO 03:23:35]PID 401 syscall #257 (openat)
[INFO 03:23:35]PID 401 syscall #5 (fstat)
[INFO 03:23:35]PID 401 syscall #9 (mmap)
[INFO 03:23:35]PID 401 syscall #3 (close)
[INFO 03:23:35]PID 401 syscall #257 (openat)
[INFO 03:23:35]PID 401 syscall #0 (read)
[INFO 03:23:35]PID 401 syscall #17 (pread64)
[INFO 03:23:35]PID 401 syscall #5 (fstat)
[INFO 03:23:35]PID 401 syscall #17 (pread64)
[INFO 03:23:35]PID 401 syscall #9 (mmap)
[INFO 03:23:35]PID 401 syscall #9 (mmap)
[INFO 03:23:35]PID 401 syscall #9 (mmap)
[INFO 03:23:35]PID 401 syscall #9 (mmap)
[INFO 03:23:35]PID 401 syscall #9 (mmap)
[INFO 03:23:35]PID 401 syscall #3 (close)
[INFO 03:23:35]PID 401 syscall #9 (mmap)
[INFO 03:23:35]PID 401 syscall #158 (arch_prctl)
[INFO 03:23:35]PID 401 syscall #218 (set_tid_address)
[INFO 03:23:35]PID 401 syscall #273 (set_robust_list)
[INFO 03:23:35]PID 401 syscall #334 (rseq)
[INFO 03:23:35]PID 401 syscall #10 (mprotect)
[INFO 03:23:35]PID 401 syscall #10 (mprotect)
[INFO 03:23:35]PID 401 syscall #10 (mprotect)
[INFO 03:23:35]PID 401 syscall #302 (prlimit64)
[INFO 03:23:35]PID 401 syscall #11 (munmap)
[INFO 03:23:35]PID 401 syscall #318 (getrandom)
[INFO 03:23:35]PID 401 syscall #12 (brk)
[INFO 03:23:35]PID 401 syscall #12 (brk)
[INFO 03:23:35]PID 401 syscall #257 (openat)
[INFO 03:23:35]PID 401 syscall #257 (openat)
[INFO 03:23:35]PID 401 syscall #5 (fstat)
[INFO 03:23:35]PID 401 syscall #0 (read)
[INFO 03:23:35]PID 401 syscall #0 (read)
[INFO 03:23:35]PID 401 syscall #3 (close)
[INFO 03:23:35]PID 401 syscall #257 (openat)
[INFO 03:23:35]PID 401 syscall #257 (openat)
[INFO 03:23:35]PID 401 syscall #5 (fstat)
[INFO 03:23:35]PID 401 syscall #9 (mmap)
[INFO 03:23:35]PID 401 syscall #3 (close)
[INFO 03:23:35]PID 401 syscall #257 (openat)
[INFO 03:23:35]PID 401 syscall #5 (fstat)
[INFO 03:23:35]PID 401 syscall #9 (mmap)
[INFO 03:23:35]PID 401 syscall #3 (close)
[INFO 03:23:35]PID 401 syscall #202 (futex)
[INFO 03:23:35]PID 401 syscall #257 (openat)
[INFO 03:23:35]PID 401 syscall #257 (openat)
[INFO 03:23:35]PID 401 syscall #5 (fstat)
[INFO 03:23:35]PID 401 syscall #9 (mmap)
[INFO 03:23:35]PID 401 syscall #3 (close)
[INFO 03:23:35]PID 401 syscall #257 (openat)
[INFO 03:23:35]PID 401 syscall #257 (openat)
[INFO 03:23:35]PID 401 syscall #5 (fstat)
[INFO 03:23:35]PID 401 syscall #9 (mmap)
[INFO 03:23:35]PID 401 syscall #3 (close)
[INFO 03:23:35]PID 401 syscall #257 (openat)
[INFO 03:23:35]PID 401 syscall #257 (openat)
[INFO 03:23:35]PID 401 syscall #5 (fstat)
[INFO 03:23:35]PID 401 syscall #9 (mmap)
[INFO 03:23:35]PID 401 syscall #3 (close)
[INFO 03:23:35]PID 401 syscall #257 (openat)
[INFO 03:23:35]PID 401 syscall #257 (openat)
[INFO 03:23:35]PID 401 syscall #5 (fstat)
[INFO 03:23:35]PID 401 syscall #9 (mmap)
[INFO 03:23:35]PID 401 syscall #3 (close)
[INFO 03:23:35]PID 401 syscall #257 (openat)
[INFO 03:23:35]PID 401 syscall #257 (openat)
[INFO 03:23:35]PID 401 syscall #5 (fstat)
[INFO 03:23:35]PID 401 syscall #9 (mmap)
[INFO 03:23:35]PID 401 syscall #3 (close)
[INFO 03:23:35]PID 401 syscall #257 (openat)
[INFO 03:23:35]PID 401 syscall #257 (openat)
[INFO 03:23:35]PID 401 syscall #5 (fstat)
[INFO 03:23:35]PID 401 syscall #3 (close)
[INFO 03:23:35]PID 401 syscall #257 (openat)
[INFO 03:23:35]PID 401 syscall #5 (fstat)
[INFO 03:23:35]PID 401 syscall #9 (mmap)
[INFO 03:23:35]PID 401 syscall #3 (close)
[INFO 03:23:35]PID 401 syscall #257 (openat)
[INFO 03:23:35]PID 401 syscall #257 (openat)
[INFO 03:23:35]PID 401 syscall #5 (fstat)
[INFO 03:23:35]PID 401 syscall #9 (mmap)
[INFO 03:23:35]PID 401 syscall #3 (close)
[INFO 03:23:35]PID 401 syscall #257 (openat)
[INFO 03:23:35]PID 401 syscall #257 (openat)
[INFO 03:23:35]PID 401 syscall #5 (fstat)
[INFO 03:23:35]PID 401 syscall #9 (mmap)
[INFO 03:23:35]PID 401 syscall #3 (close)
[INFO 03:23:35]PID 401 syscall #257 (openat)
[INFO 03:23:35]PID 401 syscall #257 (openat)
[INFO 03:23:35]PID 401 syscall #5 (fstat)
[INFO 03:23:35]PID 401 syscall #9 (mmap)
[INFO 03:23:35]PID 401 syscall #3 (close)
[INFO 03:23:35]PID 401 syscall #257 (openat)
[INFO 03:23:35]PID 401 syscall #257 (openat)
[INFO 03:23:35]PID 401 syscall #5 (fstat)
[INFO 03:23:35]PID 401 syscall #9 (mmap)
[INFO 03:23:35]PID 401 syscall #3 (close)
[INFO 03:23:35]PID 401 syscall #257 (openat)
[INFO 03:23:35]PID 401 syscall #257 (openat)
[INFO 03:23:35]PID 401 syscall #5 (fstat)
[INFO 03:23:35]PID 401 syscall #9 (mmap)
[INFO 03:23:35]PID 401 syscall #3 (close)
[INFO 03:23:35]PID 401 syscall #5 (fstat)
[INFO 03:23:35]PID 401 syscall #1 (write)
[ERROR 03:23:35]Policy block syscall #1 (write) - killing child 401
[INFO 03:23:35]PID 401 syscall #3 (close)
[INFO 03:23:35]PID 401 syscall #3 (close)
[INFO 03:23:35]PID 401 syscall #231 (exit_group)
[INFO 03:23:35]Child exited with code 0
[INFO 03:28:14]saferun_ptrace starting (mode: deny)
[INFO 03:28:14]PID 982 syscall #59 (execve)
[INFO 03:28:14]PID 982 syscall #12 (brk)
[INFO 03:28:14]PID 982 syscall #9 (mmap)
[INFO 03:28:14]PID 982 syscall #21 (access)
[INFO 03:28:14]PID 982 syscall #257 (openat)
[INFO 03:28:14]PID 982 syscall #5 (fstat)
[INFO 03:28:14]PID 982 syscall #9 (mmap)
[INFO 03:28:14]PID 982 syscall #3 (close)
[INFO 03:28:14]PID 982 syscall #257 (openat)
[INFO 03:28:14]PID 982 syscall #0 (read)
[INFO 03:28:14]PID 982 syscall #5 (fstat)
[INFO 03:28:14]PID 982 syscall #9 (mmap)
[INFO 03:28:14]PID 982 syscall #9 (mmap)
[INFO 03:28:14]PID 982 syscall #9 (mmap)
[INFO 03:28:14]PID 982 syscall #9 (mmap)
[INFO 03:28:14]PID 982 syscall #9 (mmap)
[INFO 03:28:14]PID 982 syscall #3 (close)
[INFO 03:28:14]PID 982 syscall #257 (openat)
[INFO 03:28:14]PID 982 syscall #0 (read)
[INFO 03:28:14]PID 982 syscall #17 (pread64)
[INFO 03:28:14]PID 982 syscall #5 (fstat)
[INFO 03:28:14]PID 982 syscall #17 (pread64)
[INFO 03:28:14]PID 982 syscall #9 (mmap)
[INFO 03:28:14]PID 982 syscall #9 (mmap)
[INFO 03:28:14]PID 982 syscall #9 (mmap)
[INFO 03:28:14]PID 982 syscall #9 (mmap)
[INFO 03:28:14]PID 982 syscall #9 (mmap)
[INFO 03:28:14]PID 982 syscall #3 (close)
[INFO 03:28:14]PID 982 syscall #257 (openat)
[INFO 03:28:14]PID 982 syscall #0 (read)
[INFO 03:28:14]PID 982 syscall #5 (fstat)
[INFO 03:28:14]PID 982 syscall #9 (mmap)
[INFO 03:28:14]PID 982 syscall #9 (mmap)
[INFO 03:28:14]PID 982 syscall #9 (mmap)
[INFO 03:28:14]PID 982 syscall #9 (mmap)
[INFO 03:28:14]PID 982 syscall #3 (close)
[INFO 03:28:14]PID 982 syscall #9 (mmap)
[INFO 03:28:14]PID 982 syscall #158 (arch_prctl)
[INFO 03:28:14]PID 982 syscall #218 (set_tid_address)
[INFO 03:28:14]PID 982 syscall #273 (set_robust_list)
[INFO 03:28:14]PID 982 syscall #334 (rseq)
[INFO 03:28:14]PID 982 syscall #10 (mprotect)
[INFO 03:28:14]PID 982 syscall #10 (mprotect)
[INFO 03:28:14]PID 982 syscall #10 (mprotect)
[INFO 03:28:14]PID 982 syscall #10 (mprotect)
[INFO 03:28:14]PID 982 syscall #10 (mprotect)
[INFO 03:28:14]PID 982 syscall #302 (prlimit64)
[INFO 03:28:14]PID 982 syscall #11 (munmap)
[INFO 03:28:14]PID 982 syscall #137 (statfs)
[INFO 03:28:14]PID 982 syscall #137 (statfs)
[INFO 03:28:14]PID 982 syscall #318 (getrandom)
[INFO 03:28:14]PID 982 syscall #12 (brk)
[INFO 03:28:14]PID 982 syscall #12 (brk)
[INFO 03:28:14]PID 982 syscall #257 (openat)
[INFO 03:28:14]PID 982 syscall #5 (fstat)
[INFO 03:28:14]PID 982 syscall #0 (read)
[INFO 03:28:14]PID 982 syscall #3 (close)
[INFO 03:28:14]PID 982 syscall #257 (openat)
[INFO 03:28:14]PID 982 syscall #5 (fstat)
[INFO 03:28:14]PID 982 syscall #0 (read)
[INFO 03:28:14]PID 982 syscall #0 (read)
[INFO 03:28:14]PID 982 syscall #0 (read)
[INFO 03:28:14]PID 982 syscall #0 (read)
[INFO 03:28:14]PID 982 syscall #3 (close)
[INFO 03:28:14]PID 982 syscall #21 (access)
[INFO 03:28:14]PID 982 syscall #257 (openat)
[INFO 03:28:14]PID 982 syscall #257 (openat)
[INFO 03:28:14]PID 982 syscall #5 (fstat)
[INFO 03:28:14]PID 982 syscall #0 (read)
[INFO 03:28:14]PID 982 syscall #0 (read)
[INFO 03:28:14]PID 982 syscall #3 (close)
[INFO 03:28:14]PID 982 syscall #257 (openat)
[INFO 03:28:14]PID 982 syscall #257 (openat)
[INFO 03:28:14]PID 982 syscall #5 (fstat)
[INFO 03:28:14]PID 982 syscall #9 (mmap)
[INFO 03:28:14]PID 982 syscall #3 (close)
[INFO 03:28:14]PID 982 syscall #257 (openat)
[INFO 03:28:14]PID 982 syscall #5 (fstat)
[INFO 03:28:14]PID 982 syscall #9 (mmap)
[INFO 03:28:14]PID 982 syscall #3 (close)
[INFO 03:28:14]PID 982 syscall #202 (futex)
[INFO 03:28:14]PID 982 syscall #257 (openat)
[INFO 03:28:14]PID 982 syscall #257 (openat)
[INFO 03:28:14]PID 982 syscall #5 (fstat)
[INFO 03:28:14]PID 982 syscall #9 (mmap)
[INFO 03:28:14]PID 982 syscall #3 (close)
[INFO 03:28:14]PID 982 syscall #257 (openat)
[INFO 03:28:14]PID 982 syscall #257 (openat)
[INFO 03:28:14]PID 982 syscall #5 (fstat)
[INFO 03:28:14]PID 982 syscall #9 (mmap)
[INFO 03:28:14]PID 982 syscall #3 (close)
[INFO 03:28:14]PID 982 syscall #257 (openat)
[INFO 03:28:14]PID 982 syscall #257 (openat)
[INFO 03:28:14]PID 982 syscall #5 (fstat)
[INFO 03:28:14]PID 982 syscall #9 (mmap)
[INFO 03:28:14]PID 982 syscall #3 (close)
[INFO 03:28:14]PID 982 syscall #257 (openat)
[INFO 03:28:14]PID 982 syscall #257 (openat)
[INFO 03:28:14]PID 982 syscall #5 (fstat)
[INFO 03:28:14]PID 982 syscall #9 (mmap)
[INFO 03:28:14]PID 982 syscall #3 (close)
[INFO 03:28:14]PID 982 syscall #257 (openat)
[INFO 03:28:14]PID 982 syscall #257 (openat)
[INFO 03:28:14]PID 982 syscall #5 (fstat)
[INFO 03:28:14]PID 982 syscall #9 (mmap)
[INFO 03:28:14]PID 982 syscall #3 (close)
[INFO 03:28:14]PID 982 syscall #257 (openat)
[INFO 03:28:14]PID 982 syscall #257 (openat)
[INFO 03:28:14]PID 982 syscall #5 (fstat)
[INFO 03:28:14]PID 982 syscall #3 (close)
[INFO 03:28:14]PID 982 syscall #257 (openat)
[INFO 03:28:14]PID 982 syscall #5 (fstat)
[INFO 03:28:14]PID 982 syscall #9 (mmap)
[INFO 03:28:14]PID 982 syscall #3 (close)
[INFO 03:28:14]PID 982 syscall #257 (openat)
[INFO 03:28:14]PID 982 syscall #257 (openat)
[INFO 03:28:14]PID 982 syscall #5 (fstat)
[INFO 03:28:14]PID 982 syscall #9 (mmap)
[INFO 03:28:14]PID 982 syscall #3 (close)
[INFO 03:28:14]PID 982 syscall #257 (openat)
[INFO 03:28:14]PID 982 syscall #257 (openat)
[INFO 03:28:14]PID 982 syscall #5 (fstat)
[INFO 03:28:14]PID 982 syscall #9 (mmap)
[INFO 03:28:14]PID 982 syscall #3 (close)
[INFO 03:28:14]PID 982 syscall #257 (openat)
[INFO 03:28:14]PID 982 syscall #257 (openat)
[INFO 03:28:14]PID 982 syscall #5 (fstat)
[INFO 03:28:14]PID 982 syscall #9 (mmap)
[INFO 03:28:14]PID 982 syscall #3 (close)
[INFO 03:28:14]PID 982 syscall #257 (openat)
[INFO 03:28:14]PID 982 syscall #257 (openat)
[INFO 03:28:14]PID 982 syscall #5 (fstat)
[INFO 03:28:14]PID 982 syscall #9 (mmap)
[INFO 03:28:14]PID 982 syscall #3 (close)
[INFO 03:28:14]PID 982 syscall #257 (openat)
[INFO 03:28:14]PID 982 syscall #257 (openat)
[INFO 03:28:14]PID 982 syscall #5 (fstat)
[INFO 03:28:14]PID 982 syscall #9 (mmap)
[INFO 03:28:14]PID 982 syscall #3 (close)
[INFO 03:28:14]PID 982 syscall #16 (ioctl)
[INFO 03:28:14]PID 982 syscall #16 (ioctl)
[INFO 03:28:14]PID 982 syscall #257 (openat)
[INFO 03:28:14]PID 982 syscall #5 (fstat)
[INFO 03:28:14]PID 982 syscall #217 (getdents64)
[INFO 03:28:14]PID 982 syscall #217 (getdents64)
[INFO 03:28:14]PID 982 syscall #3 (close)
[INFO 03:28:14]PID 982 syscall #5 (fstat)
[INFO 03:28:14]PID 982 syscall #1 (write)
[INFO 03:28:14]PID 982 syscall #1 (write)
[INFO 03:28:14]PID 982 syscall #3 (close)
[INFO 03:28:14]PID 982 syscall #3 (close)
[INFO 03:28:14]PID 982 syscall #231 (exit_group)
[INFO 03:28:14]Child exited with code 0
[INFO 03:28:55]saferun_ptrace starting (mode: deny)
[INFO 03:28:55]PID 990 syscall #59 (execve)
[INFO 03:28:55]PID 990 syscall #12 (brk)
[INFO 03:28:55]PID 990 syscall #9 (mmap)
[INFO 03:28:55]PID 990 syscall #21 (access)
[INFO 03:28:55]PID 990 syscall #257 (openat)
[INFO 03:28:55]PID 990 syscall #5 (fstat)
[INFO 03:28:55]PID 990 syscall #9 (mmap)
[INFO 03:28:55]PID 990 syscall #3 (close)
[ERROR 03:28:55]Policy block syscall #3 (close) - killing child 990
[INFO 03:28:55]PID 990 syscall #257 (openat)
[INFO 03:28:55]PID 990 syscall #0 (read)
[INFO 03:28:55]PID 990 syscall #5 (fstat)
[INFO 03:28:55]PID 990 syscall #9 (mmap)
[INFO 03:28:55]PID 990 syscall #9 (mmap)
[INFO 03:28:55]PID 990 syscall #9 (mmap)
[INFO 03:28:55]PID 990 syscall #9 (mmap)
[INFO 03:28:55]PID 990 syscall #9 (mmap)
[INFO 03:28:55]PID 990 syscall #3 (close)
[ERROR 03:28:55]Policy block syscall #3 (close) - killing child 990
[INFO 03:28:55]PID 990 syscall #257 (openat)
[INFO 03:28:55]PID 990 syscall #0 (read)
[INFO 03:28:55]PID 990 syscall #17 (pread64)
[INFO 03:28:55]PID 990 syscall #5 (fstat)
[INFO 03:28:55]PID 990 syscall #17 (pread64)
[INFO 03:28:55]PID 990 syscall #9 (mmap)
[INFO 03:28:55]PID 990 syscall #9 (mmap)
[INFO 03:28:55]PID 990 syscall #9 (mmap)
[INFO 03:28:55]PID 990 syscall #9 (mmap)
[INFO 03:28:55]PID 990 syscall #9 (mmap)
[INFO 03:28:55]PID 990 syscall #3 (close)
[ERROR 03:28:55]Policy block syscall #3 (close) - killing child 990
[INFO 03:28:55]PID 990 syscall #257 (openat)
[INFO 03:28:55]PID 990 syscall #0 (read)
[INFO 03:28:55]PID 990 syscall #5 (fstat)
[INFO 03:28:55]PID 990 syscall #9 (mmap)
[INFO 03:28:55]PID 990 syscall #9 (mmap)
[INFO 03:28:55]PID 990 syscall #9 (mmap)
[INFO 03:28:55]PID 990 syscall #9 (mmap)
[INFO 03:28:55]PID 990 syscall #3 (close)
[ERROR 03:28:55]Policy block syscall #3 (close) - killing child 990
[INFO 03:28:55]PID 990 syscall #9 (mmap)
[INFO 03:28:55]PID 990 syscall #158 (arch_prctl)
[INFO 03:28:55]PID 990 syscall #218 (set_tid_address)
[INFO 03:28:55]PID 990 syscall #273 (set_robust_list)
[INFO 03:28:55]PID 990 syscall #334 (rseq)
[INFO 03:28:55]PID 990 syscall #10 (mprotect)
[INFO 03:28:55]PID 990 syscall #10 (mprotect)
[INFO 03:28:55]PID 990 syscall #10 (mprotect)
[INFO 03:28:55]PID 990 syscall #10 (mprotect)
[INFO 03:28:55]PID 990 syscall #10 (mprotect)
[INFO 03:28:55]PID 990 syscall #302 (prlimit64)
[INFO 03:28:55]PID 990 syscall #11 (munmap)
[INFO 03:28:55]PID 990 syscall #137 (statfs)
[INFO 03:28:55]PID 990 syscall #137 (statfs)
[INFO 03:28:55]PID 990 syscall #318 (getrandom)
[INFO 03:28:55]PID 990 syscall #12 (brk)
[INFO 03:28:55]PID 990 syscall #12 (brk)
[INFO 03:28:55]PID 990 syscall #257 (openat)
[INFO 03:28:55]PID 990 syscall #5 (fstat)
[INFO 03:28:55]PID 990 syscall #0 (read)
[INFO 03:28:55]PID 990 syscall #3 (close)
[ERROR 03:28:55]Policy block syscall #3 (close) - killing child 990
[INFO 03:28:55]PID 990 syscall #257 (openat)
[INFO 03:28:55]PID 990 syscall #5 (fstat)
[INFO 03:28:55]PID 990 syscall #0 (read)
[INFO 03:28:55]PID 990 syscall #0 (read)
[INFO 03:28:55]PID 990 syscall #0 (read)
[INFO 03:28:55]PID 990 syscall #0 (read)
[INFO 03:28:55]PID 990 syscall #3 (close)
[ERROR 03:28:55]Policy block syscall #3 (close) - killing child 990
[INFO 03:28:55]PID 990 syscall #21 (access)
[INFO 03:28:55]PID 990 syscall #257 (openat)
[INFO 03:28:55]PID 990 syscall #257 (openat)
[INFO 03:28:55]PID 990 syscall #5 (fstat)
[INFO 03:28:55]PID 990 syscall #0 (read)
[INFO 03:28:55]PID 990 syscall #0 (read)
[INFO 03:28:55]PID 990 syscall #3 (close)
[ERROR 03:28:55]Policy block syscall #3 (close) - killing child 990
[INFO 03:28:55]PID 990 syscall #257 (openat)
[INFO 03:28:55]PID 990 syscall #257 (openat)
[INFO 03:28:55]PID 990 syscall #5 (fstat)
[INFO 03:28:55]PID 990 syscall #9 (mmap)
[INFO 03:28:55]PID 990 syscall #3 (close)
[ERROR 03:28:55]Policy block syscall #3 (close) - killing child 990
[INFO 03:28:55]PID 990 syscall #257 (openat)
[INFO 03:28:55]PID 990 syscall #5 (fstat)
[INFO 03:28:55]PID 990 syscall #9 (mmap)
[INFO 03:28:55]PID 990 syscall #3 (close)
[ERROR 03:28:55]Policy block syscall #3 (close) - killing child 990
[INFO 03:28:55]PID 990 syscall #202 (futex)
[INFO 03:28:55]PID 990 syscall #257 (openat)
[INFO 03:28:55]PID 990 syscall #257 (openat)
[INFO 03:28:55]PID 990 syscall #5 (fstat)
[INFO 03:28:55]PID 990 syscall #9 (mmap)
[INFO 03:28:55]PID 990 syscall #3 (close)
[ERROR 03:28:55]Policy block syscall #3 (close) - killing child 990
[INFO 03:28:55]PID 990 syscall #257 (openat)
[INFO 03:28:55]PID 990 syscall #257 (openat)
[INFO 03:28:55]PID 990 syscall #5 (fstat)
[INFO 03:28:55]PID 990 syscall #9 (mmap)
[INFO 03:28:55]PID 990 syscall #3 (close)
[ERROR 03:28:55]Policy block syscall #3 (close) - killing child 990
[INFO 03:28:55]PID 990 syscall #257 (openat)
[INFO 03:28:55]PID 990 syscall #257 (openat)
[INFO 03:28:55]PID 990 syscall #5 (fstat)
[INFO 03:28:55]PID 990 syscall #9 (mmap)
[INFO 03:28:55]PID 990 syscall #3 (close)
[ERROR 03:28:55]Policy block syscall #3 (close) - killing child 990
[INFO 03:28:55]PID 990 syscall #257 (openat)
[INFO 03:28:55]PID 990 syscall #257 (openat)
[INFO 03:28:55]PID 990 syscall #5 (fstat)
[INFO 03:28:55]PID 990 syscall #9 (mmap)
[INFO 03:28:55]PID 990 syscall #3 (close)
[ERROR 03:28:55]Policy block syscall #3 (close) - killing child 990
[INFO 03:28:55]PID 990 syscall #257 (openat)
[INFO 03:28:55]PID 990 syscall #257 (openat)
[INFO 03:28:55]PID 990 syscall #5 (fstat)
[INFO 03:28:55]PID 990 syscall #9 (mmap)
[INFO 03:28:55]PID 990 syscall #3 (close)
[ERROR 03:28:55]Policy block syscall #3 (close) - killing child 990
[INFO 03:28:55]PID 990 syscall #257 (openat)
[INFO 03:28:55]PID 990 syscall #257 (openat)
[INFO 03:28:55]PID 990 syscall #5 (fstat)
[INFO 03:28:55]PID 990 syscall #3 (close)
[ERROR 03:28:55]Policy block syscall #3 (close) - killing child 990
[INFO 03:28:55]PID 990 syscall #257 (openat)
[INFO 03:28:55]PID 990 syscall #5 (fstat)
[INFO 03:28:55]PID 990 syscall #9 (mmap)
[INFO 03:28:55]PID 990 syscall #3 (close)
[ERROR 03:28:55]Policy block syscall #3 (close) - killing child 990
[INFO 03:28:55]PID 990 syscall #257 (openat)
[INFO 03:28:55]PID 990 syscall #257 (openat)
[INFO 03:28:55]PID 990 syscall #5 (fstat)
[INFO 03:28:55]PID 990 syscall #9 (mmap)
[INFO 03:28:55]PID 990 syscall #3 (close)
[ERROR 03:28:55]Policy block syscall #3 (close) - killing child 990
[INFO 03:28:55]PID 990 syscall #257 (openat)
[INFO 03:28:55]PID 990 syscall #257 (openat)
[INFO 03:28:55]PID 990 syscall #5 (fstat)
[INFO 03:28:55]PID 990 syscall #9 (mmap)
[INFO 03:28:55]PID 990 syscall #3 (close)
[ERROR 03:28:55]Policy block syscall #3 (close) - killing child 990
[INFO 03:28:55]PID 990 syscall #257 (openat)
[INFO 03:28:55]PID 990 syscall #257 (openat)
[INFO 03:28:55]PID 990 syscall #5 (fstat)
[INFO 03:28:55]PID 990 syscall #9 (mmap)
[INFO 03:28:55]PID 990 syscall #3 (close)
[ERROR 03:28:55]Policy block syscall #3 (close) - killing child 990
[INFO 03:28:55]PID 990 syscall #257 (openat)
[INFO 03:28:55]PID 990 syscall #257 (openat)
[INFO 03:28:55]PID 990 syscall #5 (fstat)
[INFO 03:28:55]PID 990 syscall #9 (mmap)
[INFO 03:28:55]PID 990 syscall #3 (close)
[ERROR 03:28:55]Policy block syscall #3 (close) - killing child 990
[INFO 03:28:55]PID 990 syscall #257 (openat)
[INFO 03:28:55]PID 990 syscall #257 (openat)
[INFO 03:28:55]PID 990 syscall #5 (fstat)
[INFO 03:28:55]PID 990 syscall #9 (mmap)
[INFO 03:28:55]PID 990 syscall #3 (close)
[ERROR 03:28:55]Policy block syscall #3 (close) - killing child 990
[INFO 03:28:55]PID 990 syscall #16 (ioctl)
[INFO 03:28:55]PID 990 syscall #16 (ioctl)
[INFO 03:28:55]PID 990 syscall #257 (openat)
[INFO 03:28:55]PID 990 syscall #5 (fstat)
[INFO 03:28:55]PID 990 syscall #217 (getdents64)
[INFO 03:28:55]PID 990 syscall #217 (getdents64)
[INFO 03:28:55]PID 990 syscall #3 (close)
[ERROR 03:28:55]Policy block syscall #3 (close) - killing child 990
[INFO 03:28:55]PID 990 syscall #5 (fstat)
[INFO 03:28:55]PID 990 syscall #1 (write)
[INFO 03:28:55]PID 990 syscall #1 (write)
[INFO 03:28:55]PID 990 syscall #3 (close)
[ERROR 03:28:55]Policy block syscall #3 (close) - killing child 990
[INFO 03:28:55]PID 990 syscall #3 (close)
[ERROR 03:28:55]Policy block syscall #3 (close) - killing child 990
[INFO 03:28:55]PID 990 syscall #231 (exit_group)
[INFO 03:28:55]Child exited with code 0
[INFO 03:29:48]saferun_ptrace starting (mode: deny)
[INFO 03:29:48]PID 1000 syscall #59 (execve)
[INFO 03:29:48]PID 1000 syscall #59 (execve)
[INFO 03:29:48]PID 1000 syscall #59 (execve)
[INFO 03:29:48]PID 1000 syscall #59 (execve)
[INFO 03:29:48]PID 1000 syscall #59 (execve)
[INFO 03:29:48]PID 1000 syscall #59 (execve)
[INFO 03:29:48]PID 1000 syscall #59 (execve)
[INFO 03:29:48]PID 1000 syscall #59 (execve)
[INFO 03:29:48]PID 1000 syscall #59 (execve)
[INFO 03:29:48]PID 1000 syscall #59 (execve)
[INFO 03:29:48]PID 1000 syscall #59 (execve)
[INFO 03:29:48]PID 1000 syscall #59 (execve)
[INFO 03:29:48]PID 1000 syscall #59 (execve)
[INFO 03:29:48]PID 1000 syscall #59 (execve)
[INFO 03:29:48]PID 1000 syscall #59 (execve)
[INFO 03:29:48]PID 1000 syscall #59 (execve)
[INFO 03:29:48]PID 1000 syscall #59 (execve)
[INFO 03:29:48]PID 1000 syscall #59 (execve)
[INFO 03:29:48]PID 1000 syscall #59 (execve)
[INFO 03:29:48]PID 1000 syscall #59 (execve)
[INFO 03:29:48]PID 1000 syscall #59 (execve)
[INFO 03:29:48]PID 1000 syscall #59 (execve)
[INFO 03:29:48]PID 1000 syscall #32 (dup)
[INFO 03:29:48]PID 1000 syscall #72 (fcntl)
[INFO 03:29:48]PID 1000 syscall #5 (fstat)
[INFO 03:29:48]PID 1000 syscall #1 (write)
[INFO 03:29:48]PID 1000 syscall #3 (close)
[ERROR 03:29:48]Policy block syscall #3 (close) - killing child 1000
[INFO 03:29:48]PID 1000 syscall #231 (exit_group)
[INFO 03:29:48]Child exited with code 127
[INFO 03:30:38]saferun_ptrace starting (mode: deny)
[INFO 03:30:38]PID 1010 syscall #59 (execve)
[INFO 03:30:38]PID 1010 syscall #12 (brk)
[INFO 03:30:38]PID 1010 syscall #12 (brk)
[INFO 03:30:38]PID 1010 syscall #158 (arch_prctl)
[INFO 03:30:38]PID 1010 syscall #218 (set_tid_address)
[INFO 03:30:38]PID 1010 syscall #273 (set_robust_list)
[INFO 03:30:38]PID 1010 syscall #334 (rseq)
[INFO 03:30:38]PID 1010 syscall #302 (prlimit64)
[INFO 03:30:38]PID 1010 syscall #267 (readlinkat)
[INFO 03:30:38]PID 1010 syscall #318 (getrandom)
[INFO 03:30:38]PID 1010 syscall #12 (brk)
[INFO 03:30:38]PID 1010 syscall #12 (brk)
[INFO 03:30:38]PID 1010 syscall #12 (brk)
[INFO 03:30:38]PID 1010 syscall #10 (mprotect)
[INFO 03:30:38]PID 1010 syscall #5 (fstat)
[INFO 03:30:38]PID 1010 syscall #1 (write)
[INFO 03:30:38]PID 1010 syscall #1 (write)
[INFO 03:30:38]PID 1010 syscall #1 (write)
[INFO 03:30:38]PID 1010 syscall #39 (getpid)
[INFO 03:30:38]PID 1010 syscall #1 (write)
[INFO 03:30:38]PID 1010 syscall #1 (write)
[INFO 03:30:38]PID 1010 syscall #1 (write)
[INFO 03:30:38]PID 1010 syscall #257 (openat)
[INFO 03:30:38]PID 1010 syscall #32 (dup)
[INFO 03:30:38]PID 1010 syscall #72 (fcntl)
[INFO 03:30:38]PID 1010 syscall #5 (fstat)
[INFO 03:30:38]PID 1010 syscall #1 (write)
[INFO 03:30:38]PID 1010 syscall #3 (close)
[INFO 03:30:38]PID 1010 syscall #1 (write)
[INFO 03:30:38]PID 1010 syscall #1 (write)
[INFO 03:30:38]PID 1010 syscall #1 (write)
[INFO 03:30:38]PID 1010 syscall #1 (write)
[INFO 03:30:38]PID 1010 syscall #1 (write)
[INFO 03:30:38]PID 1010 syscall #0 (read)
[INFO 03:31:48]PID 1010 syscall #1 (write)
[INFO 03:31:48]PID 1010 syscall #1 (write)
[INFO 03:31:48]PID 1010 syscall #1 (write)
[INFO 03:31:48]PID 1010 syscall #9 (mmap)
[INFO 03:31:48]PID 1010 syscall #1 (write)
[INFO 03:31:48]PID 1010 syscall #11 (munmap)
[INFO 03:31:48]PID 1010 syscall #1 (write)
[INFO 03:31:48]PID 1010 syscall #1 (write)
[INFO 03:31:48]PID 1010 syscall #41 (socket)
[INFO 03:31:48]PID 1010 syscall #1 (write)
[INFO 03:31:48]PID 1010 syscall #3 (close)
[INFO 03:31:48]PID 1010 syscall #1 (write)
[INFO 03:31:48]PID 1010 syscall #1 (write)
[INFO 03:31:48]PID 1010 syscall #39 (getpid)
[INFO 03:31:48]PID 1010 syscall #62 (kill)
[INFO 03:31:48]PID 1010 syscall #1 (write)
[INFO 03:31:48]PID 1010 syscall #1 (write)
[INFO 03:31:48]PID 1010 syscall #1 (write)
[INFO 03:31:48]PID 1010 syscall #110 (getppid)
[INFO 03:31:48]PID 1010 syscall #1 (write)
[INFO 03:31:48]PID 1010 syscall #1 (write)
[INFO 03:31:48]PID 1010 syscall #1 (write)
[INFO 03:31:48]PID 1010 syscall #102 (getuid)
[INFO 03:31:48]PID 1010 syscall #1 (write)
[INFO 03:31:48]PID 1010 syscall #1 (write)
[INFO 03:31:48]PID 1010 syscall #1 (write)
[INFO 03:31:48]PID 1010 syscall #104 (getgid)
[INFO 03:31:48]PID 1010 syscall #1 (write)
[INFO 03:31:48]PID 1010 syscall #1 (write)
[INFO 03:31:48]PID 1010 syscall #1 (write)
[INFO 03:31:48]PID 1010 syscall #293 (pipe2)
[INFO 03:31:48]PID 1010 syscall #1 (write)
[INFO 03:31:48]PID 1010 syscall #3 (close)
[INFO 03:31:48]PID 1010 syscall #3 (close)
[INFO 03:31:48]PID 1010 syscall #1 (write)
[INFO 03:31:48]PID 1010 syscall #1 (write)
[INFO 03:31:48]PID 1010 syscall #32 (dup)
[INFO 03:31:48]PID 1010 syscall #1 (write)
[INFO 03:31:48]PID 1010 syscall #3 (close)
[INFO 03:31:48]PID 1010 syscall #1 (write)
[INFO 03:31:48]PID 1010 syscall #1 (write)
[INFO 03:31:48]PID 1010 syscall #72 (fcntl)
[INFO 03:31:48]PID 1010 syscall #1 (write)
[INFO 03:31:48]PID 1010 syscall #1 (write)
[INFO 03:31:48]PID 1010 syscall #1 (write)
[INFO 03:31:48]PID 1010 syscall #257 (openat)
[INFO 03:31:48]PID 1010 syscall #8 (lseek)
[INFO 03:31:48]PID 1010 syscall #1 (write)
[INFO 03:31:48]PID 1010 syscall #3 (close)
[INFO 03:31:48]PID 1010 syscall #1 (write)
[INFO 03:31:48]PID 1010 syscall #1 (write)
[INFO 03:31:48]PID 1010 syscall #21 (access)
[INFO 03:31:48]PID 1010 syscall #1 (write)
[INFO 03:31:48]PID 1010 syscall #1 (write)
[INFO 03:31:48]PID 1010 syscall #1 (write)
[INFO 03:31:48]PID 1010 syscall #89 (readlink)
[INFO 03:31:48]PID 1010 syscall #1 (write)
[INFO 03:31:48]PID 1010 syscall #1 (write)
[INFO 03:31:48]PID 1010 syscall #1 (write)
[INFO 03:31:48]PID 1010 syscall #63 (uname)
[INFO 03:31:48]PID 1010 syscall #1 (write)
[INFO 03:31:48]PID 1010 syscall #1 (write)
[INFO 03:31:48]PID 1010 syscall #1 (write)
[INFO 03:31:48]PID 1010 syscall #302 (prlimit64)
[INFO 03:31:48]PID 1010 syscall #1 (write)
[INFO 03:31:48]PID 1010 syscall #1 (write)
[INFO 03:31:48]PID 1010 syscall #1 (write)
[INFO 03:31:48]PID 1010 syscall #230 (clock_nanosleep)
[INFO 03:31:48]PID 1010 syscall #1 (write)
[INFO 03:31:48]PID 1010 syscall #1 (write)
[INFO 03:31:48]PID 1010 syscall #1 (write)
[INFO 03:31:48]PID 1010 syscall #56 (clone)
[ERROR 03:31:48]Policy block syscall #56 (clone) - killing child 1010
[INFO 03:31:48]PID 1010 syscall #61 (wait4)
[INFO 03:31:48]Child exited with code 0
[INFO 03:32:09]saferun_ptrace starting (mode: deny)
[INFO 03:32:09]PID 1026 syscall #59 (execve)
[INFO 03:32:09]PID 1026 syscall #32 (dup)
[INFO 03:32:09]PID 1026 syscall #72 (fcntl)
[INFO 03:32:09]PID 1026 syscall #5 (fstat)
[INFO 03:32:09]PID 1026 syscall #1 (write)
[INFO 03:32:09]PID 1026 syscall #3 (close)
[ERROR 03:32:09]Policy block syscall #3 (close) - killing child 1026
[INFO 03:32:09]PID 1026 syscall #231 (exit_group)
[INFO 03:32:09]Child exited with code 127
[INFO 03:32:24]saferun_ptrace starting (mode: deny)
[INFO 03:32:24]PID 1030 syscall #59 (execve)
[INFO 03:32:24]PID 1030 syscall #12 (brk)
[INFO 03:32:24]PID 1030 syscall #12 (brk)
[INFO 03:32:24]PID 1030 syscall #158 (arch_prctl)
[INFO 03:32:24]PID 1030 syscall #218 (set_tid_address)
[INFO 03:32:24]PID 1030 syscall #273 (set_robust_list)
[INFO 03:32:24]PID 1030 syscall #334 (rseq)
[INFO 03:32:24]PID 1030 syscall #302 (prlimit64)
[INFO 03:32:24]PID 1030 syscall #267 (readlinkat)
[INFO 03:32:24]PID 1030 syscall #318 (getrandom)
[INFO 03:32:24]PID 1030 syscall #12 (brk)
[INFO 03:32:24]PID 1030 syscall #12 (brk)
[INFO 03:32:24]PID 1030 syscall #12 (brk)
[INFO 03:32:24]PID 1030 syscall #10 (mprotect)
[INFO 03:32:24]PID 1030 syscall #5 (fstat)
[INFO 03:32:24]PID 1030 syscall #1 (write)
[INFO 03:32:24]PID 1030 syscall #1 (write)
[INFO 03:32:24]PID 1030 syscall #1 (write)
[INFO 03:32:24]PID 1030 syscall #39 (getpid)
[INFO 03:32:24]PID 1030 syscall #1 (write)
[INFO 03:32:24]PID 1030 syscall #1 (write)
[INFO 03:32:24]PID 1030 syscall #1 (write)
[INFO 03:32:24]PID 1030 syscall #257 (openat)
[INFO 03:32:24]PID 1030 syscall #32 (dup)
[INFO 03:32:24]PID 1030 syscall #72 (fcntl)
[INFO 03:32:24]PID 1030 syscall #5 (fstat)
[INFO 03:32:24]PID 1030 syscall #1 (write)
[INFO 03:32:24]PID 1030 syscall #3 (close)
[ERROR 03:32:24]Policy block syscall #3 (close) - killing child 1030
[INFO 03:32:24]PID 1030 syscall #1 (write)
[INFO 03:32:24]PID 1030 syscall #1 (write)
[INFO 03:32:24]PID 1030 syscall #1 (write)
[INFO 03:32:24]PID 1030 syscall #1 (write)
[INFO 03:32:24]PID 1030 syscall #1 (write)
[INFO 03:32:24]PID 1030 syscall #0 (read)
[INFO 03:32:35]PID 1030 syscall #1 (write)
[INFO 03:32:35]PID 1030 syscall #1 (write)
[INFO 03:32:35]PID 1030 syscall #1 (write)
[INFO 03:32:35]PID 1030 syscall #9 (mmap)
[INFO 03:32:35]PID 1030 syscall #1 (write)
[INFO 03:32:35]PID 1030 syscall #11 (munmap)
[INFO 03:32:35]PID 1030 syscall #1 (write)
[INFO 03:32:35]PID 1030 syscall #1 (write)
[INFO 03:32:35]PID 1030 syscall #41 (socket)
[INFO 03:32:35]PID 1030 syscall #1 (write)
[INFO 03:32:35]PID 1030 syscall #3 (close)
[ERROR 03:32:35]Policy block syscall #3 (close) - killing child 1030
[INFO 03:32:35]PID 1030 syscall #1 (write)
[INFO 03:32:35]PID 1030 syscall #1 (write)
[INFO 03:32:35]PID 1030 syscall #39 (getpid)
[INFO 03:32:35]PID 1030 syscall #62 (kill)
[INFO 03:32:35]PID 1030 syscall #1 (write)
[INFO 03:32:35]PID 1030 syscall #1 (write)
[INFO 03:32:35]PID 1030 syscall #1 (write)
[INFO 03:32:35]PID 1030 syscall #110 (getppid)
[INFO 03:32:35]PID 1030 syscall #1 (write)
[INFO 03:32:35]PID 1030 syscall #1 (write)
[INFO 03:32:35]PID 1030 syscall #1 (write)
[INFO 03:32:35]PID 1030 syscall #102 (getuid)
[INFO 03:32:35]PID 1030 syscall #1 (write)
[INFO 03:32:35]PID 1030 syscall #1 (write)
[INFO 03:32:35]PID 1030 syscall #1 (write)
[INFO 03:32:35]PID 1030 syscall #104 (getgid)
[INFO 03:32:35]PID 1030 syscall #1 (write)
[INFO 03:32:35]PID 1030 syscall #1 (write)
[INFO 03:32:35]PID 1030 syscall #1 (write)
[INFO 03:32:35]PID 1030 syscall #293 (pipe2)
[INFO 03:32:35]PID 1030 syscall #1 (write)
[INFO 03:32:35]PID 1030 syscall #3 (close)
[ERROR 03:32:35]Policy block syscall #3 (close) - killing child 1030
[INFO 03:32:35]PID 1030 syscall #3 (close)
[ERROR 03:32:35]Policy block syscall #3 (close) - killing child 1030
[INFO 03:32:35]PID 1030 syscall #1 (write)
[INFO 03:32:35]PID 1030 syscall #1 (write)
[INFO 03:32:35]PID 1030 syscall #32 (dup)
[INFO 03:32:35]PID 1030 syscall #1 (write)
[INFO 03:32:35]PID 1030 syscall #3 (close)
[ERROR 03:32:35]Policy block syscall #3 (close) - killing child 1030
[INFO 03:32:35]PID 1030 syscall #1 (write)
[INFO 03:32:35]PID 1030 syscall #1 (write)
[INFO 03:32:35]PID 1030 syscall #72 (fcntl)
[INFO 03:32:35]PID 1030 syscall #1 (write)
[INFO 03:32:35]PID 1030 syscall #1 (write)
[INFO 03:32:35]PID 1030 syscall #1 (write)
[INFO 03:32:35]PID 1030 syscall #257 (openat)
[INFO 03:32:35]PID 1030 syscall #8 (lseek)
[INFO 03:32:35]PID 1030 syscall #1 (write)
[INFO 03:32:35]PID 1030 syscall #3 (close)
[ERROR 03:32:35]Policy block syscall #3 (close) - killing child 1030
[INFO 03:32:35]PID 1030 syscall #1 (write)
[INFO 03:32:35]PID 1030 syscall #1 (write)
[INFO 03:32:35]PID 1030 syscall #21 (access)
[INFO 03:32:35]PID 1030 syscall #1 (write)
[INFO 03:32:35]PID 1030 syscall #1 (write)
[INFO 03:32:35]PID 1030 syscall #1 (write)
[INFO 03:32:35]PID 1030 syscall #89 (readlink)
[INFO 03:32:35]PID 1030 syscall #1 (write)
[INFO 03:32:35]PID 1030 syscall #1 (write)
[INFO 03:32:35]PID 1030 syscall #1 (write)
[INFO 03:32:35]PID 1030 syscall #63 (uname)
[INFO 03:32:35]PID 1030 syscall #1 (write)
[INFO 03:32:35]PID 1030 syscall #1 (write)
[INFO 03:32:35]PID 1030 syscall #1 (write)
[INFO 03:32:35]PID 1030 syscall #302 (prlimit64)
[INFO 03:32:35]PID 1030 syscall #1 (write)
[INFO 03:32:35]PID 1030 syscall #1 (write)
[INFO 03:32:35]PID 1030 syscall #1 (write)
[INFO 03:32:35]PID 1030 syscall #230 (clock_nanosleep)
[INFO 03:32:35]PID 1030 syscall #1 (write)
[INFO 03:32:35]PID 1030 syscall #1 (write)
[INFO 03:32:35]PID 1030 syscall #1 (write)
[INFO 03:32:35]PID 1030 syscall #56 (clone)
[INFO 03:32:35]PID 1030 syscall #61 (wait4)
[INFO 03:32:35]Child exited with code 0
[INFO 04:00:39]saferun_ptrace starting (mode: deny)
[INFO 04:00:39]PID 611 syscall #59 (execve)
[INFO 04:00:39]PID 611 syscall #12 (brk)
[INFO 04:00:39]PID 611 syscall #12 (brk)
[INFO 04:00:39]PID 611 syscall #158 (arch_prctl)
[INFO 04:00:39]PID 611 syscall #218 (set_tid_address)
[INFO 04:00:39]PID 611 syscall #273 (set_robust_list)
[INFO 04:00:39]PID 611 syscall #334 (rseq)
[INFO 04:00:39]PID 611 syscall #302 (prlimit64)
[INFO 04:00:39]PID 611 syscall #267 (readlinkat)
[INFO 04:00:39]PID 611 syscall #318 (getrandom)
[INFO 04:00:39]PID 611 syscall #12 (brk)
[INFO 04:00:39]PID 611 syscall #12 (brk)
[INFO 04:00:39]PID 611 syscall #12 (brk)
[INFO 04:00:39]PID 611 syscall #10 (mprotect)
[INFO 04:00:39]PID 611 syscall #5 (fstat)
[INFO 04:00:39]PID 611 syscall #1 (write)
[INFO 04:00:39]PID 611 syscall #1 (write)
[INFO 04:00:39]PID 611 syscall #1 (write)
[INFO 04:00:39]PID 611 syscall #39 (getpid)
[INFO 04:00:39]PID 611 syscall #1 (write)
[INFO 04:00:39]PID 611 syscall #1 (write)
[INFO 04:00:39]PID 611 syscall #1 (write)
[INFO 04:00:39]PID 611 syscall #257 (openat)
[INFO 04:00:39]PID 611 syscall #32 (dup)
[INFO 04:00:39]PID 611 syscall #72 (fcntl)
[INFO 04:00:39]PID 611 syscall #5 (fstat)
[INFO 04:00:39]PID 611 syscall #1 (write)
[INFO 04:00:39]PID 611 syscall #3 (close)
[ERROR 04:00:39]Policy block syscall #3 (close) - killing child 611
[INFO 04:00:39]PID 611 syscall #1 (write)
[INFO 04:00:39]PID 611 syscall #1 (write)
[INFO 04:00:39]PID 611 syscall #1 (write)
[INFO 04:00:39]PID 611 syscall #1 (write)
[INFO 04:00:39]PID 611 syscall #1 (write)
[INFO 04:00:39]PID 611 syscall #0 (read)
[INFO 04:00:42]PID 611 syscall #1 (write)
[INFO 04:00:42]PID 611 syscall #1 (write)
[INFO 04:00:42]PID 611 syscall #1 (write)
[INFO 04:00:42]PID 611 syscall #9 (mmap)
[INFO 04:00:42]PID 611 syscall #1 (write)
[INFO 04:00:42]PID 611 syscall #11 (munmap)
[INFO 04:00:42]PID 611 syscall #1 (write)
[INFO 04:00:42]PID 611 syscall #1 (write)
[INFO 04:00:42]PID 611 syscall #41 (socket)
[INFO 04:00:42]PID 611 syscall #1 (write)
[INFO 04:00:42]PID 611 syscall #3 (close)
[ERROR 04:00:42]Policy block syscall #3 (close) - killing child 611
[INFO 04:00:42]PID 611 syscall #1 (write)
[INFO 04:00:42]PID 611 syscall #1 (write)
[INFO 04:00:42]PID 611 syscall #39 (getpid)
[INFO 04:00:42]PID 611 syscall #62 (kill)
[INFO 04:00:42]PID 611 syscall #1 (write)
[INFO 04:00:42]PID 611 syscall #1 (write)
[INFO 04:00:42]PID 611 syscall #1 (write)
[INFO 04:00:42]PID 611 syscall #110 (getppid)
[INFO 04:00:42]PID 611 syscall #1 (write)
[INFO 04:00:42]PID 611 syscall #1 (write)
[INFO 04:00:42]PID 611 syscall #1 (write)
[INFO 04:00:42]PID 611 syscall #102 (getuid)
[INFO 04:00:42]PID 611 syscall #1 (write)
[INFO 04:00:42]PID 611 syscall #1 (write)
[INFO 04:00:42]PID 611 syscall #1 (write)
[INFO 04:00:42]PID 611 syscall #104 (getgid)
[INFO 04:00:42]PID 611 syscall #1 (write)
[INFO 04:00:42]PID 611 syscall #1 (write)
[INFO 04:00:42]PID 611 syscall #1 (write)
[INFO 04:00:42]PID 611 syscall #293 (pipe2)
[INFO 04:00:42]PID 611 syscall #1 (write)
[INFO 04:00:42]PID 611 syscall #3 (close)
[ERROR 04:00:42]Policy block syscall #3 (close) - killing child 611
[INFO 04:00:42]PID 611 syscall #3 (close)
[ERROR 04:00:42]Policy block syscall #3 (close) - killing child 611
[INFO 04:00:42]PID 611 syscall #1 (write)
[INFO 04:00:42]PID 611 syscall #1 (write)
[INFO 04:00:42]PID 611 syscall #32 (dup)
[INFO 04:00:42]PID 611 syscall #1 (write)
[INFO 04:00:42]PID 611 syscall #3 (close)
[ERROR 04:00:42]Policy block syscall #3 (close) - killing child 611
[INFO 04:00:42]PID 611 syscall #1 (write)
[INFO 04:00:42]PID 611 syscall #1 (write)
[INFO 04:00:42]PID 611 syscall #72 (fcntl)
[INFO 04:00:42]PID 611 syscall #1 (write)
[INFO 04:00:42]PID 611 syscall #1 (write)
[INFO 04:00:42]PID 611 syscall #1 (write)
[INFO 04:00:42]PID 611 syscall #257 (openat)
[INFO 04:00:42]PID 611 syscall #8 (lseek)
[INFO 04:00:42]PID 611 syscall #1 (write)
[INFO 04:00:42]PID 611 syscall #3 (close)
[ERROR 04:00:42]Policy block syscall #3 (close) - killing child 611
[INFO 04:00:42]PID 611 syscall #1 (write)
[INFO 04:00:42]PID 611 syscall #1 (write)
[INFO 04:00:42]PID 611 syscall #21 (access)
[INFO 04:00:42]PID 611 syscall #1 (write)
[INFO 04:00:42]PID 611 syscall #1 (write)
[INFO 04:00:42]PID 611 syscall #1 (write)
[INFO 04:00:42]PID 611 syscall #89 (readlink)
[INFO 04:00:42]PID 611 syscall #1 (write)
[INFO 04:00:42]PID 611 syscall #1 (write)
[INFO 04:00:42]PID 611 syscall #1 (write)
[INFO 04:00:42]PID 611 syscall #63 (uname)
[INFO 04:00:42]PID 611 syscall #1 (write)
[INFO 04:00:42]PID 611 syscall #1 (write)
[INFO 04:00:42]PID 611 syscall #1 (write)
[INFO 04:00:42]PID 611 syscall #302 (prlimit64)
[INFO 04:00:42]PID 611 syscall #1 (write)
[INFO 04:00:42]PID 611 syscall #1 (write)
[INFO 04:00:42]PID 611 syscall #1 (write)
[INFO 04:00:42]PID 611 syscall #230 (clock_nanosleep)
[INFO 04:00:42]PID 611 syscall #1 (write)
[INFO 04:00:42]PID 611 syscall #1 (write)
[INFO 04:00:42]PID 611 syscall #1 (write)
[INFO 04:00:42]PID 611 syscall #56 (clone)
[INFO 04:00:42]Child exited with code 0
[INFO 04:00:52]saferun_ptrace starting (mode: deny)
[INFO 04:00:52]PID 614 syscall #59 (execve)
[INFO 04:00:52]PID 614 syscall #59 (execve)
[INFO 04:00:52]PID 614 syscall #59 (execve)
[INFO 04:00:52]PID 614 syscall #59 (execve)
[INFO 04:00:52]PID 614 syscall #59 (execve)
[INFO 04:00:52]PID 614 syscall #59 (execve)
[INFO 04:00:52]PID 614 syscall #59 (execve)
[INFO 04:00:52]PID 614 syscall #59 (execve)
[INFO 04:00:52]PID 614 syscall #59 (execve)
[INFO 04:00:52]PID 614 syscall #59 (execve)
[INFO 04:00:52]PID 614 syscall #59 (execve)
[INFO 04:00:52]PID 614 syscall #59 (execve)
[INFO 04:00:52]PID 614 syscall #59 (execve)
[INFO 04:00:52]PID 614 syscall #59 (execve)
[INFO 04:00:52]PID 614 syscall #59 (execve)
[INFO 04:00:52]PID 614 syscall #59 (execve)
[INFO 04:00:52]PID 614 syscall #59 (execve)
[INFO 04:00:52]PID 614 syscall #59 (execve)
[INFO 04:00:52]PID 614 syscall #59 (execve)
[INFO 04:00:52]PID 614 syscall #59 (execve)
[INFO 04:00:52]PID 614 syscall #59 (execve)
[INFO 04:00:52]PID 614 syscall #59 (execve)
[INFO 04:00:52]PID 614 syscall #32 (dup)
[INFO 04:00:52]PID 614 syscall #72 (fcntl)
[INFO 04:00:52]PID 614 syscall #5 (fstat)
[INFO 04:00:52]PID 614 syscall #1 (write)
[INFO 04:00:52]PID 614 syscall #3 (close)
[ERROR 04:00:52]Policy block syscall #3 (close) - killing child 614
[INFO 04:00:52]PID 614 syscall #231 (exit_group)
[INFO 04:00:52]Child exited with code 127
